TN:
SF:script/DeployF3BlackJack.s.sol
DA:11,0
FN:11,DeployF3BlackJack.run
FNDA:0,DeployF3BlackJack.run
DA:12,0
DA:15,66
FN:15,DeployF3BlackJack.deployContract
FNDA:66,DeployF3BlackJack.deployContract
DA:16,66
DA:19,66
DA:21,66
BRDA:21,0,0,66
DA:23,66
DA:24,66
DA:28,66
DA:29,66
DA:37,66
DA:38,66
DA:45,66
DA:47,66
DA:48,66
DA:54,66
FNF:2
FNH:1
LF:16
LH:14
BRF:1
BRH:1
end_of_record
TN:
SF:script/HelperConfig.s.sol
DA:38,66
FN:38,HelperConfig.constructor
FNDA:66,HelperConfig.constructor
DA:39,66
DA:42,0
FN:42,HelperConfig.getConfigByChainId
FNDA:0,HelperConfig.getConfigByChainId
DA:45,132
BRDA:45,0,0,-
BRDA:45,0,1,-
DA:46,0
DA:47,132
BRDA:47,1,0,132
BRDA:47,1,1,-
DA:48,132
DA:50,0
DA:54,132
FN:54,HelperConfig.getConfig
FNDA:132,HelperConfig.getConfig
DA:55,132
DA:58,66
FN:58,HelperConfig.getSepoliaEthConfig
FNDA:66,HelperConfig.getSepoliaEthConfig
DA:59,66
DA:72,0
FN:72,HelperConfig.getOrCreateAnvilEthConfig
FNDA:0,HelperConfig.getOrCreateAnvilEthConfig
DA:73,132
BRDA:73,2,0,66
DA:74,66
DA:78,66
DA:79,66
DA:84,66
DA:85,66
DA:87,66
DA:98,66
FNF:5
FNH:3
LF:21
LH:17
BRF:5
BRH:2
end_of_record
TN:
SF:script/Interactions.s.sol
DA:12,0
FN:12,CreateSubscription.createSubscriptionUsingConfig
FNDA:0,CreateSubscription.createSubscriptionUsingConfig
DA:13,0
DA:14,0
DA:15,0
DA:16,0
DA:17,0
DA:20,66
FN:20,CreateSubscription.createSubscription
FNDA:66,CreateSubscription.createSubscription
DA:24,66
DA:25,66
DA:26,66
DA:28,66
DA:30,66
DA:31,66
DA:34,66
DA:37,0
FN:37,CreateSubscription.run
FNDA:0,CreateSubscription.run
DA:38,0
DA:45,0
FN:45,FundSubscription.fundSubscriptionUsingConfig
FNDA:0,FundSubscription.fundSubscriptionUsingConfig
DA:46,0
DA:47,0
DA:48,0
DA:49,0
DA:50,0
DA:51,0
DA:54,66
FN:54,FundSubscription.fundSubscription
FNDA:66,FundSubscription.fundSubscription
DA:60,66
DA:61,66
DA:62,66
DA:64,66
BRDA:64,0,0,66
BRDA:64,0,1,-
DA:65,66
DA:66,66
DA:70,66
DA:72,0
DA:73,0
DA:78,0
DA:82,0
FN:82,FundSubscription.run
FNDA:0,FundSubscription.run
DA:83,0
DA:88,0
FN:88,AddConsumer.addConsumerUsingConfig
FNDA:0,AddConsumer.addConsumerUsingConfig
DA:89,0
DA:90,0
DA:91,0
DA:92,0
DA:93,0
DA:96,66
FN:96,AddConsumer.addConsumer
FNDA:66,AddConsumer.addConsumer
DA:102,66
DA:103,66
DA:104,66
DA:105,66
DA:106,66
DA:110,66
DA:113,0
FN:113,AddConsumer.run
FNDA:0,AddConsumer.run
DA:114,0
DA:118,0
FNF:9
FNH:3
LF:52
LH:23
BRF:2
BRH:1
end_of_record
TN:
SF:src/F3BlackJack.sol
DA:197,520
FN:197,F3BlackJack.notInGame
FNDA:520,F3BlackJack.notInGame
DA:198,1
BRDA:198,0,0,1
DA:199,1
DA:204,1303
FN:204,F3BlackJack.isUsersTurn
FNDA:1303,F3BlackJack.isUsersTurn
DA:205,1303
BRDA:205,1,0,2
DA:206,2
DA:211,1304
FN:211,F3BlackJack.lobbyExists
FNDA:1304,F3BlackJack.lobbyExists
DA:212,1304
BRDA:212,2,0,1
DA:213,1
DA:218,3665
FN:218,F3BlackJack.isNotPaused
FNDA:3665,F3BlackJack.isNotPaused
DA:219,1
BRDA:219,3,0,1
DA:220,1
DA:232,66
FN:232,F3BlackJack.constructor
FNDA:66,F3BlackJack.constructor
DA:239,66
DA:240,66
DA:241,66
DA:242,66
DA:256,3665
FN:256,F3BlackJack.deposit
FNDA:3665,F3BlackJack.deposit
DA:257,3663
BRDA:257,4,0,259
DA:258,259
DA:260,3404
DA:261,3404
DA:270,520
FN:270,F3BlackJack.withdraw
FNDA:520,F3BlackJack.withdraw
DA:271,519
BRDA:271,5,0,1
DA:272,1
DA:274,518
BRDA:274,6,0,518
DA:275,518
DA:277,518
DA:278,518
DA:279,518
BRDA:279,7,0,-
DA:280,0
DA:282,518
DA:290,2628
FN:290,F3BlackJack.startGame
FNDA:2628,F3BlackJack.startGame
DA:291,2626
BRDA:291,8,0,1
DA:292,1
DA:294,2625
BRDA:294,9,0,1
DA:295,1
DA:298,2625
DA:301,2625
DA:303,2625
DA:305,2625
DA:306,2625
DA:308,2625
DA:310,2625
DA:312,2625
DA:313,2625
DA:314,2625
DA:324,2
FN:324,F3BlackJack.withdrawHouseEdge
FNDA:2,F3BlackJack.withdrawHouseEdge
DA:325,2
DA:327,2
BRDA:327,10,0,1
DA:328,1
DA:330,1
DA:331,1
BRDA:331,11,0,-
DA:332,0
DA:334,1
DA:343,3
FN:343,F3BlackJack.withdrawAllFunds
FNDA:3,F3BlackJack.withdrawAllFunds
DA:344,3
BRDA:344,12,0,2
DA:345,2
DA:347,1
DA:348,1
DA:349,1
BRDA:349,13,0,-
DA:350,0
DA:352,1
DA:360,6
FN:360,F3BlackJack.pause
FNDA:6,F3BlackJack.pause
DA:361,6
DA:362,6
DA:368,1
FN:368,F3BlackJack.unpause
FNDA:1,F3BlackJack.unpause
DA:369,1
DA:370,1
DA:377,2
FN:377,F3BlackJack.setMinimalBet
FNDA:2,F3BlackJack.setMinimalBet
DA:378,2
DA:385,12
FN:385,F3BlackJack.doubleDown
FNDA:12,F3BlackJack.doubleDown
DA:387,9
DA:388,9
BRDA:388,14,0,1
DA:389,1
DA:391,1
BRDA:391,15,0,1
DA:392,1
DA:396,7
DA:397,7
DA:409,7
DA:410,7
DA:413,7
DA:414,7
DA:415,7
DA:416,7
DA:417,7
DA:419,7
DA:428,2078
FN:428,F3BlackJack.insurance
FNDA:2078,F3BlackJack.insurance
DA:429,2076
DA:430,2076
BRDA:430,16,0,1
DA:431,1
DA:433,2075
BRDA:433,17,0,1
DA:434,1
DA:436,2074
BRDA:436,18,0,1
DA:437,1
DA:440,2073
DA:441,2073
DA:442,2073
DA:443,2073
DA:445,2073
DA:451,1304
FN:451,F3BlackJack.draw
FNDA:1304,F3BlackJack.draw
DA:452,1301
DA:460,1301
DA:461,1301
DA:463,1301
DA:464,1301
DA:465,1301
DA:466,1301
DA:468,1301
DA:469,1301
DA:477,1824
FN:477,F3BlackJack.stand
FNDA:1824,F3BlackJack.stand
DA:478,1822
DA:479,1822
DA:481,1822
DA:482,1822
DA:485,1822
DA:486,1822
DA:488,1822
DA:498,778
FN:498,F3BlackJack.getMinimalDepositAmount
FNDA:778,F3BlackJack.getMinimalDepositAmount
DA:499,778
DA:502,1036
FN:502,F3BlackJack.getBalance
FNDA:1036,F3BlackJack.getBalance
DA:503,9906
DA:506,3
FN:506,F3BlackJack.getPauseStatus
FNDA:3,F3BlackJack.getPauseStatus
DA:507,3
DA:510,2
FN:510,F3BlackJack.getMinimalBet
FNDA:2,F3BlackJack.getMinimalBet
DA:511,2
DA:514,3385
FN:514,F3BlackJack.getUsersCurrentLobby
FNDA:3385,F3BlackJack.getUsersCurrentLobby
DA:515,3385
DA:527,5755
FN:527,F3BlackJack._requestRandomWords
FNDA:5755,F3BlackJack._requestRandomWords
DA:528,5755
DA:542,5755
DA:547,5755
DA:548,5755
DA:549,0
DA:556,2625
FN:556,F3BlackJack._createLobby
FNDA:2625,F3BlackJack._createLobby
DA:558,2625
DA:559,2625
DA:560,2625
DA:561,2625
DA:562,2625
DA:563,2625
DA:564,2625
DA:567,2625
DA:570,2625
DA:572,2625
DA:573,2625
DA:585,5738
FN:585,F3BlackJack.fulfillRandomWords
FNDA:5738,F3BlackJack.fulfillRandomWords
DA:586,5738
BRDA:586,19,0,-
DA:587,0
DA:589,5738
DA:590,5738
DA:592,5738
DA:594,5738
DA:598,5738
BRDA:598,20,0,2614
BRDA:598,20,1,1036
DA:599,2614
DA:601,2614
DA:602,2614
DA:603,2614
DA:605,2614
DA:606,2614
DA:607,2614
DA:608,2614
DA:609,2614
DA:610,2614
DA:612,2614
DA:613,2614
DA:615,2614
BRDA:615,21,0,260
DA:616,260
DA:619,2614
BRDA:619,22,0,276
DA:620,276
DA:623,2614
BRDA:623,23,0,2351
DA:624,2351
DA:627,2614
BRDA:627,24,0,777
DA:628,777
DA:631,2614
DA:632,2614
DA:634,2614
DA:635,2614
DA:636,2614
DA:638,1818
BRDA:638,25,0,1818
BRDA:638,25,1,1036
DA:639,1818
DA:641,1818
DA:642,1818
DA:643,1818
DA:644,1818
DA:647,2474
DA:648,656
DA:649,656
DA:650,656
DA:653,1818
BRDA:653,26,0,573
BRDA:653,26,1,259
DA:654,518
BRDA:654,27,0,518
DA:655,518
DA:657,573
DA:658,1245
BRDA:658,28,0,138
BRDA:658,28,1,259
DA:659,138
BRDA:659,29,0,138
DA:660,138
DA:662,138
DA:663,1107
BRDA:663,30,0,451
BRDA:663,30,1,259
DA:664,380
BRDA:664,31,0,380
DA:665,380
DA:667,451
DA:668,656
BRDA:668,32,0,397
BRDA:668,32,1,259
DA:669,259
BRDA:669,33,0,259
DA:670,259
DA:672,397
DA:673,397
DA:674,397
DA:676,397
DA:678,397
DA:679,259
BRDA:679,34,0,259
DA:680,259
BRDA:680,35,0,259
DA:681,259
DA:683,259
DA:686,6
BRDA:686,36,0,6
BRDA:686,36,1,1036
DA:687,6
DA:689,6
DA:691,6
DA:692,6
DA:694,6
DA:695,6
DA:697,6
DA:698,6
DA:699,6
DA:701,6
DA:704,10
DA:705,4
DA:706,4
DA:707,4
DA:710,6
DA:712,6
BRDA:712,37,0,1
BRDA:712,37,1,2
DA:713,1
DA:714,1
DA:715,5
BRDA:715,38,0,2
BRDA:715,38,1,2
DA:716,2
DA:717,3
BRDA:717,39,0,1
BRDA:717,39,1,2
DA:718,1
DA:719,1
DA:720,2
BRDA:720,40,0,1
BRDA:720,40,1,2
DA:721,1
DA:722,1
DA:723,1
DA:724,1
DA:725,1
DA:727,1
DA:731,1300
DA:733,1300
DA:734,1300
DA:735,1300
DA:736,1300
DA:738,1300
DA:740,1300
BRDA:740,41,0,518
BRDA:740,41,1,1036
DA:741,518
BRDA:741,42,0,518
DA:742,518
DA:743,518
DA:744,518
BRDA:744,43,0,259
BRDA:744,43,1,259
DA:745,259
DA:747,259
DA:750,518
DA:752,782
DA:753,782
DA:756,5738
DA:763,12150
FN:763,F3BlackJack._retrieveCardFromSeed
FNDA:12150,F3BlackJack._retrieveCardFromSeed
DA:768,12150
DA:769,13636
DA:770,1486
DA:772,12150
DA:773,12150
DA:774,12150
DA:775,12150
BRDA:775,44,0,3775
BRDA:775,44,1,4841
DA:776,3775
DA:777,8375
BRDA:777,45,0,405
BRDA:777,45,1,4841
DA:778,405
DA:779,7970
BRDA:779,46,0,3129
BRDA:779,46,1,4841
DA:780,3129
DA:782,4841
DA:790,1352
FN:790,F3BlackJack._loose
FNDA:1352,F3BlackJack._loose
DA:792,1352
DA:793,1352
DA:794,1352
DA:795,1352
DA:796,1352
DA:799,1352
DA:802,1352
DA:805,1352
DA:807,1352
DA:815,2342
FN:815,F3BlackJack._clear
FNDA:2342,F3BlackJack._clear
DA:816,2342
DA:817,2342
DA:818,2342
DA:819,2342
DA:820,2342
DA:821,11075
DA:823,2342
DA:824,2342
DA:825,2342
DA:827,2342
DA:834,592
FN:834,F3BlackJack._win
FNDA:592,F3BlackJack._win
DA:835,592
DA:836,592
DA:837,592
DA:838,592
DA:839,592
DA:841,592
DA:843,592
DA:844,592
DA:846,592
DA:847,592
DA:854,777
FN:854,F3BlackJack._winInsurance
FNDA:777,F3BlackJack._winInsurance
DA:855,777
DA:856,777
DA:857,777
DA:859,777
DA:860,777
DA:861,777
DA:868,1295
FN:868,F3BlackJack._looseInsurance
FNDA:1295,F3BlackJack._looseInsurance
DA:869,1295
DA:870,1295
DA:872,1295
DA:873,1295
DA:874,1295
FNF:31
FNH:31
LF:320
LH:315
BRF:63
BRH:59
end_of_record
TN:
SF:test/mocks/LinkToken.sol
DA:19,66
FN:19,LinkToken.constructor
FNDA:66,LinkToken.constructor
DA:20,66
DA:23,0
FN:23,LinkToken.mint
FNDA:0,LinkToken.mint
DA:24,0
DA:40,0
FN:40,LinkToken.transferAndCall
FNDA:0,LinkToken.transferAndCall
DA:45,0
DA:47,0
DA:48,0
BRDA:48,0,0,-
DA:49,0
DA:51,0
DA:56,0
FN:56,LinkToken.contractFallback
FNDA:0,LinkToken.contractFallback
DA:61,0
DA:62,0
DA:65,0
FN:65,LinkToken.isContract
FNDA:0,LinkToken.isContract
DA:66,0
DA:68,0
DA:70,0
FNF:5
FNH:1
LF:17
LH:2
BRF:1
BRH:0
end_of_record
